This file contains any messages produced by compilers while
running configure, to aid debugging if configure makes a mistake.

It was created by GNU FriBidi configure 1.0.1, which was
generated by GNU Autoconf 2.69.  Invocation command line was

  $ ./configure --prefix=/usr

## --------- ##
## Platform. ##
## --------- ##

hostname = soft1pc
uname -m = x86_64
uname -r = 4.13.0-32-generic
uname -s = Linux
uname -v = #35~16.04.1-Ubuntu SMP Thu Jan 25 10:13:43 UTC 2018

/usr/bin/uname -p = unknown
/bin/uname -X     = unknown

/bin/arch              = unknown
/usr/bin/arch -k       = unknown
/usr/convex/getsysinfo = unknown
/usr/bin/hostinfo      = unknown
/bin/machine           = unknown
/usr/bin/oslevel       = unknown
/bin/universe          = unknown

PATH: /usr/local/sbin
PATH: /usr/local/bin
PATH: /usr/sbin
PATH: /usr/bin
PATH: /sbin
PATH: /bin
PATH: /usr/games
PATH: /usr/local/games
PATH: /snap/bin


## ----------- ##
## Core tests. ##
## ----------- ##

configure:2503: checking for a BSD-compatible install
configure:2571: result: /usr/bin/install -c
configure:2582: checking whether build environment is sane
configure:2637: result: yes
configure:2788: checking for a thread-safe mkdir -p
configure:2827: result: /bin/mkdir -p
configure:2834: checking for gawk
configure:2850: found /usr/bin/gawk
configure:2861: result: gawk
configure:2872: checking whether make sets $(MAKE)
configure:2894: result: yes
configure:2923: checking whether make supports nested variables
configure:2940: result: yes
configure:3068: checking whether make supports nested variables
configure:3085: result: yes
configure:3109: checking for style of include used by make
configure:3137: result: GNU
configure:3208: checking for gcc
configure:3224: found /usr/bin/gcc
configure:3235: result: gcc
configure:3464: checking for C compiler version
configure:3473: gcc --version >&5
gcc (Ubuntu 5.4.0-6ubuntu1~16.04.9) 5.4.0 20160609
Copyright (C) 2015 Free Software Foundation, Inc.
This is free software; see the source for copying conditions.  There is NO
warranty; not even for MERCHANTABILITY or FITNESS FOR A PARTICULAR PURPOSE.

configure:3484: $? = 0
configure:3473: gcc -v >&5
Using built-in specs.
COLLECT_GCC=gcc
COLLECT_LTO_WRAPPER=/usr/lib/gcc/x86_64-linux-gnu/5/lto-wrapper
Target: x86_64-linux-gnu
Configured with: ../src/configure -v --with-pkgversion='Ubuntu 5.4.0-6ubuntu1~16.04.9' --with-bugurl=file:///usr/share/doc/gcc-5/README.Bugs --enable-languages=c,ada,c++,java,go,d,fortran,objc,obj-c++ --prefix=/usr --program-suffix=-5 --enable-shared --enable-linker-build-id --libexecdir=/usr/lib --without-included-gettext --enable-threads=posix --libdir=/usr/lib --enable-nls --with-sysroot=/ --enable-clocale=gnu --enable-libstdcxx-debug --enable-libstdcxx-time=yes --with-default-libstdcxx-abi=new --enable-gnu-unique-object --disable-vtable-verify --enable-libmpx --enable-plugin --with-system-zlib --disable-browser-plugin --enable-java-awt=gtk --enable-gtk-cairo --with-java-home=/usr/lib/jvm/java-1.5.0-gcj-5-amd64/jre --enable-java-home --with-jvm-root-dir=/usr/lib/jvm/java-1.5.0-gcj-5-amd64 --with-jvm-jar-dir=/usr/lib/jvm-exports/java-1.5.0-gcj-5-amd64 --with-arch-directory=amd64 --with-ecj-jar=/usr/share/java/eclipse-ecj.jar --enable-objc-gc --enable-multiarch --disable-werror --with-arch-32=i686 --with-abi=m64 --with-multilib-list=m32,m64,mx32 --enable-multilib --with-tune=generic --enable-checking=release --build=x86_64-linux-gnu --host=x86_64-linux-gnu --target=x86_64-linux-gnu
Thread model: posix
gcc version 5.4.0 20160609 (Ubuntu 5.4.0-6ubuntu1~16.04.9) 
configure:3484: $? = 0
configure:3473: gcc -V >&5
gcc: error: unrecognized command line option '-V'
gcc: fatal error: no input files
compilation terminated.
configure:3484: $? = 1
configure:3473: gcc -qversion >&5
gcc: error: unrecognized command line option '-qversion'
gcc: fatal error: no input files
compilation terminated.
configure:3484: $? = 1
configure:3504: checking whether the C compiler works
configure:3526: gcc    conftest.c  >&5
configure:3530: $? = 0
configure:3578: result: yes
configure:3581: checking for C compiler default output file name
configure:3583: result: a.out
configure:3589: checking for suffix of executables
configure:3596: gcc -o conftest    conftest.c  >&5
configure:3600: $? = 0
configure:3622: result: 
configure:3644: checking whether we are cross compiling
configure:3652: gcc -o conftest    conftest.c  >&5
configure:3656: $? = 0
configure:3663: ./conftest
configure:3667: $? = 0
configure:3682: result: no
configure:3687: checking for suffix of object files
configure:3709: gcc -c   conftest.c >&5
configure:3713: $? = 0
configure:3734: result: o
configure:3738: checking whether we are using the GNU C compiler
configure:3757: gcc -c   conftest.c >&5
configure:3757: $? = 0
configure:3766: result: yes
configure:3775: checking whether gcc accepts -g
configure:3795: gcc -c -g  conftest.c >&5
configure:3795: $? = 0
configure:3836: result: yes
configure:3853: checking for gcc option to accept ISO C89
configure:3916: gcc  -c -g -O2  conftest.c >&5
configure:3916: $? = 0
configure:3929: result: none needed
configure:3954: checking whether gcc understands -c and -o together
configure:3976: gcc -c conftest.c -o conftest2.o
configure:3979: $? = 0
configure:3976: gcc -c conftest.c -o conftest2.o
configure:3979: $? = 0
configure:3991: result: yes
configure:4010: checking dependency style of gcc
configure:4121: result: gcc3
configure:4186: checking for ar
configure:4202: found /usr/bin/ar
configure:4213: result: ar
configure:4239: checking the archiver (ar) interface
configure:4255: gcc -c -g -O2  conftest.c >&5
configure:4255: $? = 0
configure:4257: ar cru libconftest.a conftest.o >&5
ar: `u' modifier ignored since `D' is the default (see `U')
configure:4260: $? = 0
configure:4288: result: ar
configure:4340: checking build system type
configure:4354: result: x86_64-pc-linux-gnu
configure:4374: checking host system type
configure:4387: result: x86_64-pc-linux-gnu
configure:4428: checking how to print strings
configure:4455: result: printf
configure:4476: checking for a sed that does not truncate output
configure:4540: result: /bin/sed
configure:4558: checking for grep that handles long lines and -e
configure:4616: result: /bin/grep
configure:4621: checking for egrep
configure:4683: result: /bin/grep -E
configure:4688: checking for fgrep
configure:4750: result: /bin/grep -F
configure:4785: checking for ld used by gcc
configure:4852: result: /usr/bin/ld
configure:4859: checking if the linker (/usr/bin/ld) is GNU ld
configure:4874: result: yes
configure:4886: checking for BSD- or MS-compatible name lister (nm)
configure:4940: result: /usr/bin/nm -B
configure:5070: checking the name lister (/usr/bin/nm -B) interface
configure:5077: gcc -c -g -O2  conftest.c >&5
configure:5080: /usr/bin/nm -B "conftest.o"
configure:5083: output
0000000000000000 B some_variable
configure:5090: result: BSD nm
configure:5093: checking whether ln -s works
configure:5097: result: yes
configure:5105: checking the maximum length of command line arguments
configure:5236: result: 1572864
configure:5284: checking how to convert x86_64-pc-linux-gnu file names to x86_64-pc-linux-gnu format
configure:5324: result: func_convert_file_noop
configure:5331: checking how to convert x86_64-pc-linux-gnu file names to toolchain format
configure:5351: result: func_convert_file_noop
configure:5358: checking for /usr/bin/ld option to reload object files
configure:5365: result: -r
configure:5439: checking for objdump
configure:5455: found /usr/bin/objdump
configure:5466: result: objdump
configure:5498: checking how to recognize dependent libraries
configure:5698: result: pass_all
configure:5783: checking for dlltool
configure:5813: result: no
configure:5843: checking how to associate runtime and link libraries
configure:5870: result: printf %s\n
configure:5994: checking for archiver @FILE support
configure:6011: gcc -c -g -O2  conftest.c >&5
configure:6011: $? = 0
configure:6014: ar cru libconftest.a @conftest.lst >&5
ar: `u' modifier ignored since `D' is the default (see `U')
configure:6017: $? = 0
configure:6022: ar cru libconftest.a @conftest.lst >&5
ar: `u' modifier ignored since `D' is the default (see `U')
ar: conftest.o: No such file or directory
configure:6025: $? = 1
configure:6037: result: @
configure:6095: checking for strip
configure:6111: found /usr/bin/strip
configure:6122: result: strip
configure:6194: checking for ranlib
configure:6210: found /usr/bin/ranlib
configure:6221: result: ranlib
configure:6323: checking command to parse /usr/bin/nm -B output from gcc object
configure:6476: gcc -c -g -O2  conftest.c >&5
configure:6479: $? = 0
configure:6483: /usr/bin/nm -B conftest.o \| sed -n -e 's/^.*[ ]\([ABCDGIRSTW][ABCDGIRSTW]*\)[ ][ ]*\([_A-Za-z][_A-Za-z0-9]*\)$/\1 \2 \2/p' | sed '/ __gnu_lto/d' \> conftest.nm
configure:6486: $? = 0
configure:6552: gcc -o conftest -g -O2   conftest.c conftstm.o >&5
configure:6555: $? = 0
configure:6593: result: ok
configure:6640: checking for sysroot
configure:6670: result: no
configure:6677: checking for a working dd
configure:6715: result: /bin/dd
configure:6719: checking how to truncate binary pipes
configure:6734: result: /bin/dd bs=4096 count=1
configure:6870: gcc -c -g -O2  conftest.c >&5
configure:6873: $? = 0
configure:7063: checking for mt
configure:7079: found /bin/mt
configure:7090: result: mt
configure:7113: checking if mt is a manifest tool
configure:7119: mt '-?'
configure:7127: result: no
configure:7804: checking how to run the C preprocessor
configure:7835: gcc -E  conftest.c
configure:7835: $? = 0
configure:7849: gcc -E  conftest.c
conftest.c:9:28: fatal error: ac_nonexistent.h: No such file or directory
compilation terminated.
configure:7849: $? = 1
configure: failed program was:
| /* confdefs.h */
| #define PACKAGE_NAME "GNU FriBidi"
| #define PACKAGE_TARNAME "fribidi"
| #define PACKAGE_VERSION "1.0.1"
| #define PACKAGE_STRING "GNU FriBidi 1.0.1"
| #define PACKAGE_BUGREPORT "https://github.com/fribidi/fribidi/issues/new"
| #define PACKAGE_URL "http://fribidi.org/"
| /* end confdefs.h.  */
| #include <ac_nonexistent.h>
configure:7874: result: gcc -E
configure:7894: gcc -E  conftest.c
configure:7894: $? = 0
configure:7908: gcc -E  conftest.c
conftest.c:9:28: fatal error: ac_nonexistent.h: No such file or directory
compilation terminated.
configure:7908: $? = 1
configure: failed program was:
| /* confdefs.h */
| #define PACKAGE_NAME "GNU FriBidi"
| #define PACKAGE_TARNAME "fribidi"
| #define PACKAGE_VERSION "1.0.1"
| #define PACKAGE_STRING "GNU FriBidi 1.0.1"
| #define PACKAGE_BUGREPORT "https://github.com/fribidi/fribidi/issues/new"
| #define PACKAGE_URL "http://fribidi.org/"
| /* end confdefs.h.  */
| #include <ac_nonexistent.h>
configure:7937: checking for ANSI C header files
configure:7957: gcc -c -g -O2  conftest.c >&5
configure:7957: $? = 0
configure:8030: gcc -o conftest -g -O2   conftest.c  >&5
configure:8030: $? = 0
configure:8030: ./conftest
configure:8030: $? = 0
configure:8041: result: yes
configure:8054: checking for sys/types.h
configure:8054: gcc -c -g -O2  conftest.c >&5
configure:8054: $? = 0
configure:8054: result: yes
configure:8054: checking for sys/stat.h
configure:8054: gcc -c -g -O2  conftest.c >&5
configure:8054: $? = 0
configure:8054: result: yes
configure:8054: checking for stdlib.h
configure:8054: gcc -c -g -O2  conftest.c >&5
configure:8054: $? = 0
configure:8054: result: yes
configure:8054: checking for string.h
configure:8054: gcc -c -g -O2  conftest.c >&5
configure:8054: $? = 0
configure:8054: result: yes
configure:8054: checking for memory.h
configure:8054: gcc -c -g -O2  conftest.c >&5
configure:8054: $? = 0
configure:8054: result: yes
configure:8054: checking for strings.h
configure:8054: gcc -c -g -O2  conftest.c >&5
configure:8054: $? = 0
configure:8054: result: yes
configure:8054: checking for inttypes.h
configure:8054: gcc -c -g -O2  conftest.c >&5
configure:8054: $? = 0
configure:8054: result: yes
configure:8054: checking for stdint.h
configure:8054: gcc -c -g -O2  conftest.c >&5
configure:8054: $? = 0
configure:8054: result: yes
configure:8054: checking for unistd.h
configure:8054: gcc -c -g -O2  conftest.c >&5
configure:8054: $? = 0
configure:8054: result: yes
configure:8068: checking for dlfcn.h
configure:8068: gcc -c -g -O2  conftest.c >&5
configure:8068: $? = 0
configure:8068: result: yes
configure:8323: checking for objdir
configure:8338: result: .libs
configure:8602: checking if gcc supports -fno-rtti -fno-exceptions
configure:8620: gcc -c -g -O2  -fno-rtti -fno-exceptions conftest.c >&5
cc1: warning: command line option '-fno-rtti' is valid for C++/ObjC++ but not for C
configure:8624: $? = 0
configure:8637: result: no
configure:8995: checking for gcc option to produce PIC
configure:9002: result: -fPIC -DPIC
configure:9010: checking if gcc PIC flag -fPIC -DPIC works
configure:9028: gcc -c -g -O2  -fPIC -DPIC -DPIC conftest.c >&5
configure:9032: $? = 0
configure:9045: result: yes
configure:9074: checking if gcc static flag -static works
configure:9102: result: yes
configure:9117: checking if gcc supports -c -o file.o
configure:9138: gcc -c -g -O2  -o out/conftest2.o conftest.c >&5
configure:9142: $? = 0
configure:9164: result: yes
configure:9172: checking if gcc supports -c -o file.o
configure:9219: result: yes
configure:9252: checking whether the gcc linker (/usr/bin/ld -m elf_x86_64) supports shared libraries
configure:10511: result: yes
configure:10548: checking whether -lc should be explicitly linked in
configure:10556: gcc -c -g -O2  conftest.c >&5
configure:10559: $? = 0
configure:10574: gcc -shared  -fPIC -DPIC conftest.o  -v -Wl,-soname -Wl,conftest -o conftest 2\>\&1 \| /bin/grep  -lc  \>/dev/null 2\>\&1
configure:10577: $? = 0
configure:10591: result: no
configure:10751: checking dynamic linker characteristics
configure:11332: gcc -o conftest -g -O2   -Wl,-rpath -Wl,/foo conftest.c  >&5
configure:11332: $? = 0
configure:11572: result: GNU/Linux ld.so
configure:11694: checking how to hardcode library paths into programs
configure:11719: result: immediate
configure:12267: checking whether stripping libraries is possible
configure:12272: result: yes
configure:12307: checking if libtool supports shared libraries
configure:12309: result: yes
configure:12312: checking whether to build shared libraries
configure:12337: result: yes
configure:12340: checking whether to build static libraries
configure:12344: result: no
configure:12454: checking for gcc
configure:12481: result: gcc
configure:12710: checking for C compiler version
configure:12719: gcc --version >&5
gcc (Ubuntu 5.4.0-6ubuntu1~16.04.9) 5.4.0 20160609
Copyright (C) 2015 Free Software Foundation, Inc.
This is free software; see the source for copying conditions.  There is NO
warranty; not even for MERCHANTABILITY or FITNESS FOR A PARTICULAR PURPOSE.

configure:12730: $? = 0
configure:12719: gcc -v >&5
Using built-in specs.
COLLECT_GCC=gcc
COLLECT_LTO_WRAPPER=/usr/lib/gcc/x86_64-linux-gnu/5/lto-wrapper
Target: x86_64-linux-gnu
Configured with: ../src/configure -v --with-pkgversion='Ubuntu 5.4.0-6ubuntu1~16.04.9' --with-bugurl=file:///usr/share/doc/gcc-5/README.Bugs --enable-languages=c,ada,c++,java,go,d,fortran,objc,obj-c++ --prefix=/usr --program-suffix=-5 --enable-shared --enable-linker-build-id --libexecdir=/usr/lib --without-included-gettext --enable-threads=posix --libdir=/usr/lib --enable-nls --with-sysroot=/ --enable-clocale=gnu --enable-libstdcxx-debug --enable-libstdcxx-time=yes --with-default-libstdcxx-abi=new --enable-gnu-unique-object --disable-vtable-verify --enable-libmpx --enable-plugin --with-system-zlib --disable-browser-plugin --enable-java-awt=gtk --enable-gtk-cairo --with-java-home=/usr/lib/jvm/java-1.5.0-gcj-5-amd64/jre --enable-java-home --with-jvm-root-dir=/usr/lib/jvm/java-1.5.0-gcj-5-amd64 --with-jvm-jar-dir=/usr/lib/jvm-exports/java-1.5.0-gcj-5-amd64 --with-arch-directory=amd64 --with-ecj-jar=/usr/share/java/eclipse-ecj.jar --enable-objc-gc --enable-multiarch --disable-werror --with-arch-32=i686 --with-abi=m64 --with-multilib-list=m32,m64,mx32 --enable-multilib --with-tune=generic --enable-checking=release --build=x86_64-linux-gnu --host=x86_64-linux-gnu --target=x86_64-linux-gnu
Thread model: posix
gcc version 5.4.0 20160609 (Ubuntu 5.4.0-6ubuntu1~16.04.9) 
configure:12730: $? = 0
configure:12719: gcc -V >&5
gcc: error: unrecognized command line option '-V'
gcc: fatal error: no input files
compilation terminated.
configure:12730: $? = 1
configure:12719: gcc -qversion >&5
gcc: error: unrecognized command line option '-qversion'
gcc: fatal error: no input files
compilation terminated.
configure:12730: $? = 1
configure:12734: checking whether we are using the GNU C compiler
configure:12762: result: yes
configure:12771: checking whether gcc accepts -g
configure:12832: result: yes
configure:12849: checking for gcc option to accept ISO C89
configure:12925: result: none needed
configure:12950: checking whether gcc understands -c and -o together
configure:12987: result: yes
configure:13006: checking dependency style of gcc
configure:13117: result: gcc3
configure:13187: checking for pkg-config
configure:13205: found /usr/bin/pkg-config
configure:13217: result: /usr/bin/pkg-config
configure:13242: checking pkg-config is at least version 0.9.0
configure:13245: result: yes
configure:13253: checking for native Win32
configure:13259: result: no
configure:13269: checking for some Win32 platform
configure:13275: result: no
configure:13288: checking for ANSI C header files
configure:13392: result: yes
configure:13403: checking for stdlib.h
configure:13403: result: yes
configure:13403: checking for string.h
configure:13403: result: yes
configure:13403: checking for strings.h
configure:13403: result: yes
configure:13403: checking wchar.h usability
configure:13403: gcc -c -g -O2  conftest.c >&5
configure:13403: $? = 0
configure:13403: result: yes
configure:13403: checking wchar.h presence
configure:13403: gcc -E  conftest.c
configure:13403: $? = 0
configure:13403: result: yes
configure:13403: checking for wchar.h
configure:13403: result: yes
configure:13403: checking asm/page.h usability
configure:13403: gcc -c -g -O2  conftest.c >&5
conftest.c:59:22: fatal error: asm/page.h: No such file or directory
compilation terminated.
configure:13403: $? = 1
configure: failed program was:
| /* confdefs.h */
| #define PACKAGE_NAME "GNU FriBidi"
| #define PACKAGE_TARNAME "fribidi"
| #define PACKAGE_VERSION "1.0.1"
| #define PACKAGE_STRING "GNU FriBidi 1.0.1"
| #define PACKAGE_BUGREPORT "https://github.com/fribidi/fribidi/issues/new"
| #define PACKAGE_URL "http://fribidi.org/"
| #define STDC_HEADERS 1
| #define HAVE_SYS_TYPES_H 1
| #define HAVE_SYS_STAT_H 1
| #define HAVE_STDLIB_H 1
| #define HAVE_STRING_H 1
| #define HAVE_MEMORY_H 1
| #define HAVE_STRINGS_H 1
| #define HAVE_INTTYPES_H 1
| #define HAVE_STDINT_H 1
| #define HAVE_UNISTD_H 1
| #define HAVE_DLFCN_H 1
| #define LT_OBJDIR ".libs/"
| #define STDC_HEADERS 1
| #define HAVE_STDLIB_H 1
| #define HAVE_STRING_H 1
| #define HAVE_STRINGS_H 1
| #define HAVE_WCHAR_H 1
| /* end confdefs.h.  */
| #include <stdio.h>
| #ifdef HAVE_SYS_TYPES_H
| # include <sys/types.h>
| #endif
| #ifdef HAVE_SYS_STAT_H
| # include <sys/stat.h>
| #endif
| #ifdef STDC_HEADERS
| # include <stdlib.h>
| # include <stddef.h>
| #else
| # ifdef HAVE_STDLIB_H
| #  include <stdlib.h>
| # endif
| #endif
| #ifdef HAVE_STRING_H
| # if !defined STDC_HEADERS && defined HAVE_MEMORY_H
| #  include <memory.h>
| # endif
| # include <string.h>
| #endif
| #ifdef HAVE_STRINGS_H
| # include <strings.h>
| #endif
| #ifdef HAVE_INTTYPES_H
| # include <inttypes.h>
| #endif
| #ifdef HAVE_STDINT_H
| # include <stdint.h>
| #endif
| #ifdef HAVE_UNISTD_H
| # include <unistd.h>
| #endif
| #include <asm/page.h>
configure:13403: result: no
configure:13403: checking asm/page.h presence
configure:13403: gcc -E  conftest.c
conftest.c:26:22: fatal error: asm/page.h: No such file or directory
compilation terminated.
configure:13403: $? = 1
configure: failed program was:
| /* confdefs.h */
| #define PACKAGE_NAME "GNU FriBidi"
| #define PACKAGE_TARNAME "fribidi"
| #define PACKAGE_VERSION "1.0.1"
| #define PACKAGE_STRING "GNU FriBidi 1.0.1"
| #define PACKAGE_BUGREPORT "https://github.com/fribidi/fribidi/issues/new"
| #define PACKAGE_URL "http://fribidi.org/"
| #define STDC_HEADERS 1
| #define HAVE_SYS_TYPES_H 1
| #define HAVE_SYS_STAT_H 1
| #define HAVE_STDLIB_H 1
| #define HAVE_STRING_H 1
| #define HAVE_MEMORY_H 1
| #define HAVE_STRINGS_H 1
| #define HAVE_INTTYPES_H 1
| #define HAVE_STDINT_H 1
| #define HAVE_UNISTD_H 1
| #define HAVE_DLFCN_H 1
| #define LT_OBJDIR ".libs/"
| #define STDC_HEADERS 1
| #define HAVE_STDLIB_H 1
| #define HAVE_STRING_H 1
| #define HAVE_STRINGS_H 1
| #define HAVE_WCHAR_H 1
| /* end confdefs.h.  */
| #include <asm/page.h>
configure:13403: result: no
configure:13403: checking for asm/page.h
configure:13403: result: no
configure:13403: checking sys/times.h usability
configure:13403: gcc -c -g -O2  conftest.c >&5
configure:13403: $? = 0
configure:13403: result: yes
configure:13403: checking sys/times.h presence
configure:13403: gcc -E  conftest.c
configure:13403: $? = 0
configure:13403: result: yes
configure:13403: checking for sys/times.h
configure:13403: result: yes
configure:13415: checking for an ANSI C-conforming const
configure:13481: gcc -c -g -O2  conftest.c >&5
configure:13481: $? = 0
configure:13488: result: yes
configure:13496: checking for preprocessor stringizing operator
configure:13516: result: yes
configure:13528: checking size of int
configure:13533: gcc -o conftest -g -O2   conftest.c  >&5
configure:13533: $? = 0
configure:13533: ./conftest
configure:13533: $? = 0
configure:13547: result: 4
configure:13563: checking size of short
configure:13568: gcc -o conftest -g -O2   conftest.c  >&5
configure:13568: $? = 0
configure:13568: ./conftest
configure:13568: $? = 0
configure:13582: result: 2
configure:13596: checking size of void *
configure:13601: gcc -o conftest -g -O2   conftest.c  >&5
configure:13601: $? = 0
configure:13601: ./conftest
configure:13601: $? = 0
configure:13615: result: 8
configure:13629: checking size of wchar_t
configure:13634: gcc -o conftest -g -O2   conftest.c  >&5
configure:13634: $? = 0
configure:13634: ./conftest
configure:13634: $? = 0
configure:13648: result: 4
configure:13714: checking for gcc
configure:13730: found /usr/bin/gcc
configure:13741: result: gcc
configure:13970: checking for C compiler version
configure:13979: gcc --version >&5
gcc (Ubuntu 5.4.0-6ubuntu1~16.04.9) 5.4.0 20160609
Copyright (C) 2015 Free Software Foundation, Inc.
This is free software; see the source for copying conditions.  There is NO
warranty; not even for MERCHANTABILITY or FITNESS FOR A PARTICULAR PURPOSE.

configure:13990: $? = 0
configure:13979: gcc -v >&5
Using built-in specs.
COLLECT_GCC=gcc
COLLECT_LTO_WRAPPER=/usr/lib/gcc/x86_64-linux-gnu/5/lto-wrapper
Target: x86_64-linux-gnu
Configured with: ../src/configure -v --with-pkgversion='Ubuntu 5.4.0-6ubuntu1~16.04.9' --with-bugurl=file:///usr/share/doc/gcc-5/README.Bugs --enable-languages=c,ada,c++,java,go,d,fortran,objc,obj-c++ --prefix=/usr --program-suffix=-5 --enable-shared --enable-linker-build-id --libexecdir=/usr/lib --without-included-gettext --enable-threads=posix --libdir=/usr/lib --enable-nls --with-sysroot=/ --enable-clocale=gnu --enable-libstdcxx-debug --enable-libstdcxx-time=yes --with-default-libstdcxx-abi=new --enable-gnu-unique-object --disable-vtable-verify --enable-libmpx --enable-plugin --with-system-zlib --disable-browser-plugin --enable-java-awt=gtk --enable-gtk-cairo --with-java-home=/usr/lib/jvm/java-1.5.0-gcj-5-amd64/jre --enable-java-home --with-jvm-root-dir=/usr/lib/jvm/java-1.5.0-gcj-5-amd64 --with-jvm-jar-dir=/usr/lib/jvm-exports/java-1.5.0-gcj-5-amd64 --with-arch-directory=amd64 --with-ecj-jar=/usr/share/java/eclipse-ecj.jar --enable-objc-gc --enable-multiarch --disable-werror --with-arch-32=i686 --with-abi=m64 --with-multilib-list=m32,m64,mx32 --enable-multilib --with-tune=generic --enable-checking=release --build=x86_64-linux-gnu --host=x86_64-linux-gnu --target=x86_64-linux-gnu
Thread model: posix
gcc version 5.4.0 20160609 (Ubuntu 5.4.0-6ubuntu1~16.04.9) 
configure:13990: $? = 0
configure:13979: gcc -V >&5
gcc: error: unrecognized command line option '-V'
gcc: fatal error: no input files
compilation terminated.
configure:13990: $? = 1
configure:13979: gcc -qversion >&5
gcc: error: unrecognized command line option '-qversion'
gcc: fatal error: no input files
compilation terminated.
configure:13990: $? = 1
configure:13994: checking whether we are using the GNU C compiler
configure:14022: result: yes
configure:14031: checking whether gcc accepts -g
configure:14051: gcc -c -g -O2  conftest.c >&5
configure:14051: $? = 0
configure:14092: result: yes
configure:14109: checking for gcc option to accept ISO C89
configure:14185: result: none needed
configure:14210: checking whether gcc understands -c and -o together
configure:14247: result: yes
configure:14266: checking dependency style of gcc
configure:14377: result: gcc3
configure:14397: checking how to run the C preprocessor
configure:14428: gcc -E  conftest.c
configure:14428: $? = 0
configure:14442: gcc -E  conftest.c
conftest.c:32:28: fatal error: ac_nonexistent.h: No such file or directory
compilation terminated.
configure:14442: $? = 1
configure: failed program was:
| /* confdefs.h */
| #define PACKAGE_NAME "GNU FriBidi"
| #define PACKAGE_TARNAME "fribidi"
| #define PACKAGE_VERSION "1.0.1"
| #define PACKAGE_STRING "GNU FriBidi 1.0.1"
| #define PACKAGE_BUGREPORT "https://github.com/fribidi/fribidi/issues/new"
| #define PACKAGE_URL "http://fribidi.org/"
| #define STDC_HEADERS 1
| #define HAVE_SYS_TYPES_H 1
| #define HAVE_SYS_STAT_H 1
| #define HAVE_STDLIB_H 1
| #define HAVE_STRING_H 1
| #define HAVE_MEMORY_H 1
| #define HAVE_STRINGS_H 1
| #define HAVE_INTTYPES_H 1
| #define HAVE_STDINT_H 1
| #define HAVE_UNISTD_H 1
| #define HAVE_DLFCN_H 1
| #define LT_OBJDIR ".libs/"
| #define STDC_HEADERS 1
| #define HAVE_STDLIB_H 1
| #define HAVE_STRING_H 1
| #define HAVE_STRINGS_H 1
| #define HAVE_WCHAR_H 1
| #define HAVE_SYS_TIMES_H 1
| #define HAVE_STRINGIZE 1
| #define SIZEOF_INT 4
| #define SIZEOF_SHORT 2
| #define SIZEOF_VOID_P 8
| #define SIZEOF_WCHAR_T 4
| /* end confdefs.h.  */
| #include <ac_nonexistent.h>
configure:14467: result: gcc -E
configure:14487: gcc -E  conftest.c
configure:14487: $? = 0
configure:14501: gcc -E  conftest.c
conftest.c:32:28: fatal error: ac_nonexistent.h: No such file or directory
compilation terminated.
configure:14501: $? = 1
configure: failed program was:
| /* confdefs.h */
| #define PACKAGE_NAME "GNU FriBidi"
| #define PACKAGE_TARNAME "fribidi"
| #define PACKAGE_VERSION "1.0.1"
| #define PACKAGE_STRING "GNU FriBidi 1.0.1"
| #define PACKAGE_BUGREPORT "https://github.com/fribidi/fribidi/issues/new"
| #define PACKAGE_URL "http://fribidi.org/"
| #define STDC_HEADERS 1
| #define HAVE_SYS_TYPES_H 1
| #define HAVE_SYS_STAT_H 1
| #define HAVE_STDLIB_H 1
| #define HAVE_STRING_H 1
| #define HAVE_MEMORY_H 1
| #define HAVE_STRINGS_H 1
| #define HAVE_INTTYPES_H 1
| #define HAVE_STDINT_H 1
| #define HAVE_UNISTD_H 1
| #define HAVE_DLFCN_H 1
| #define LT_OBJDIR ".libs/"
| #define STDC_HEADERS 1
| #define HAVE_STDLIB_H 1
| #define HAVE_STRING_H 1
| #define HAVE_STRINGS_H 1
| #define HAVE_WCHAR_H 1
| #define HAVE_SYS_TIMES_H 1
| #define HAVE_STRINGIZE 1
| #define SIZEOF_INT 4
| #define SIZEOF_SHORT 2
| #define SIZEOF_VOID_P 8
| #define SIZEOF_WCHAR_T 4
| /* end confdefs.h.  */
| #include <ac_nonexistent.h>
configure:14548: checking for memmove
configure:14548: gcc -o conftest -g -O2 -Wall -ansi    conftest.c  >&5
conftest.c:55:6: warning: conflicting types for built-in function 'memmove'
 char memmove ();
      ^
configure:14548: $? = 0
configure:14548: result: yes
configure:14548: checking for memset
configure:14548: gcc -o conftest -g -O2 -Wall -ansi    conftest.c  >&5
conftest.c:56:6: warning: conflicting types for built-in function 'memset'
 char memset ();
      ^
configure:14548: $? = 0
configure:14548: result: yes
configure:14548: checking for strdup
configure:14548: gcc -o conftest -g -O2 -Wall -ansi    conftest.c  >&5
configure:14548: $? = 0
configure:14548: result: yes
configure:14557: checking return type of signal handlers
configure:14575: gcc -c -g -O2 -Wall -ansi   conftest.c >&5
conftest.c: In function 'main':
conftest.c:41:9: error: void value not ignored as it ought to be
 return *(signal (0, 0)) (0) == 1;
         ^
configure:14575: $? = 1
configure: failed program was:
| /* confdefs.h */
| #define PACKAGE_NAME "GNU FriBidi"
| #define PACKAGE_TARNAME "fribidi"
| #define PACKAGE_VERSION "1.0.1"
| #define PACKAGE_STRING "GNU FriBidi 1.0.1"
| #define PACKAGE_BUGREPORT "https://github.com/fribidi/fribidi/issues/new"
| #define PACKAGE_URL "http://fribidi.org/"
| #define STDC_HEADERS 1
| #define HAVE_SYS_TYPES_H 1
| #define HAVE_SYS_STAT_H 1
| #define HAVE_STDLIB_H 1
| #define HAVE_STRING_H 1
| #define HAVE_MEMORY_H 1
| #define HAVE_STRINGS_H 1
| #define HAVE_INTTYPES_H 1
| #define HAVE_STDINT_H 1
| #define HAVE_UNISTD_H 1
| #define HAVE_DLFCN_H 1
| #define LT_OBJDIR ".libs/"
| #define STDC_HEADERS 1
| #define HAVE_STDLIB_H 1
| #define HAVE_STRING_H 1
| #define HAVE_STRINGS_H 1
| #define HAVE_WCHAR_H 1
| #define HAVE_SYS_TIMES_H 1
| #define HAVE_STRINGIZE 1
| #define SIZEOF_INT 4
| #define SIZEOF_SHORT 2
| #define SIZEOF_VOID_P 8
| #define SIZEOF_WCHAR_T 4
| #define HAVE_MEMMOVE 1
| #define HAVE_MEMSET 1
| #define HAVE_STRDUP 1
| /* end confdefs.h.  */
| #include <sys/types.h>
| #include <signal.h>
| 
| int
| main ()
| {
| return *(signal (0, 0)) (0) == 1;
|   ;
|   return 0;
| }
configure:14582: result: void
configure:14750: checking for GLIB
configure:14757: $PKG_CONFIG --exists --print-errors "$GLIB_PACKAGE >= $GLIB_MINVERSION"
configure:14760: $? = 0
configure:14774: $PKG_CONFIG --exists --print-errors "$GLIB_PACKAGE >= $GLIB_MINVERSION"
configure:14777: $? = 0
configure:14815: result: yes
configure:14942: checking that generated files are newer than configure
configure:14948: result: done
configure:14995: creating ./config.status

## ---------------------- ##
## Running config.status. ##
## ---------------------- ##

This file was extended by GNU FriBidi config.status 1.0.1, which was
generated by GNU Autoconf 2.69.  Invocation command line was

  CONFIG_FILES    = 
  CONFIG_HEADERS  = 
  CONFIG_LINKS    = 
  CONFIG_COMMANDS = 
  $ ./config.status 

on soft1pc

config.status:1140: creating fribidi.pc
config.status:1140: creating lib/fribidi-config.h
config.status:1140: creating Makefile
config.status:1140: creating charset/Makefile
config.status:1140: creating gen.tab/Makefile
config.status:1140: creating lib/Makefile
config.status:1140: creating bin/Makefile
config.status:1140: creating doc/Makefile
config.status:1140: creating test/Makefile
config.status:1140: creating fribidi-vs-unicode/Makefile
config.status:1140: creating config.h
config.status:1369: executing depfiles commands
config.status:1369: executing libtool commands

## ---------------- ##
## Cache variables. ##
## ---------------- ##

ac_cv_build=x86_64-pc-linux-gnu
ac_cv_build_prog_CPP='gcc -E'
ac_cv_build_prog_cc_g=yes
ac_cv_c_compiler_gnu=yes
ac_cv_c_const=yes
ac_cv_c_stringize=yes
ac_cv_env_CC_set=
ac_cv_env_CC_value=
ac_cv_env_CFLAGS_set=
ac_cv_env_CFLAGS_value=
ac_cv_env_CPPFLAGS_set=
ac_cv_env_CPPFLAGS_value=
ac_cv_env_CPP_set=
ac_cv_env_CPP_value=
ac_cv_env_GLIB_CFLAGS_set=
ac_cv_env_GLIB_CFLAGS_value=
ac_cv_env_GLIB_LIBS_set=
ac_cv_env_GLIB_LIBS_value=
ac_cv_env_LDFLAGS_set=
ac_cv_env_LDFLAGS_value=
ac_cv_env_LIBS_set=
ac_cv_env_LIBS_value=
ac_cv_env_LT_SYS_LIBRARY_PATH_set=
ac_cv_env_LT_SYS_LIBRARY_PATH_value=
ac_cv_env_PKG_CONFIG_LIBDIR_set=
ac_cv_env_PKG_CONFIG_LIBDIR_value=
ac_cv_env_PKG_CONFIG_PATH_set=set
ac_cv_env_PKG_CONFIG_PATH_value=/usr/local/lib/pkgconfig:/opt/intel/opencl:
ac_cv_env_PKG_CONFIG_set=
ac_cv_env_PKG_CONFIG_value=
ac_cv_env_build_alias_set=
ac_cv_env_build_alias_value=
ac_cv_env_host_alias_set=
ac_cv_env_host_alias_value=
ac_cv_env_target_alias_set=
ac_cv_env_target_alias_value=
ac_cv_func_memmove=yes
ac_cv_func_memset=yes
ac_cv_func_strdup=yes
ac_cv_header_asm_page_h=no
ac_cv_header_dlfcn_h=yes
ac_cv_header_inttypes_h=yes
ac_cv_header_memory_h=yes
ac_cv_header_stdc=yes
ac_cv_header_stdint_h=yes
ac_cv_header_stdlib_h=yes
ac_cv_header_string_h=yes
ac_cv_header_strings_h=yes
ac_cv_header_sys_stat_h=yes
ac_cv_header_sys_times_h=yes
ac_cv_header_sys_types_h=yes
ac_cv_header_unistd_h=yes
ac_cv_header_wchar_h=yes
ac_cv_host=x86_64-pc-linux-gnu
ac_cv_objext=o
ac_cv_path_EGREP='/bin/grep -E'
ac_cv_path_FGREP='/bin/grep -F'
ac_cv_path_GREP=/bin/grep
ac_cv_path_SED=/bin/sed
ac_cv_path_ac_pt_PKG_CONFIG=/usr/bin/pkg-config
ac_cv_path_install='/usr/bin/install -c'
ac_cv_path_lt_DD=/bin/dd
ac_cv_path_mkdir=/bin/mkdir
ac_cv_prog_AWK=gawk
ac_cv_prog_CPP='gcc -E'
ac_cv_prog_ac_ct_AR=ar
ac_cv_prog_ac_ct_CC=gcc
ac_cv_prog_ac_ct_CC_FOR_BUILD=gcc
ac_cv_prog_ac_ct_MANIFEST_TOOL=mt
ac_cv_prog_ac_ct_OBJDUMP=objdump
ac_cv_prog_ac_ct_RANLIB=ranlib
ac_cv_prog_ac_ct_STRIP=strip
ac_cv_prog_cc_c89=
ac_cv_prog_cc_g=yes
ac_cv_prog_make_make_set=yes
ac_cv_sizeof_int=4
ac_cv_sizeof_short=2
ac_cv_sizeof_void_p=8
ac_cv_sizeof_wchar_t=4
ac_cv_type_signal=void
am_cv_CC_dependencies_compiler_type=gcc3
am_cv_ar_interface=ar
am_cv_make_support_nested_variables=yes
am_cv_prog_cc_c_o=yes
lt_cv_ar_at_file=@
lt_cv_archive_cmds_need_lc=no
lt_cv_deplibs_check_method=pass_all
lt_cv_file_magic_cmd='$MAGIC_CMD'
lt_cv_file_magic_test_file=
lt_cv_ld_reload_flag=-r
lt_cv_nm_interface='BSD nm'
lt_cv_objdir=.libs
lt_cv_path_LD=/usr/bin/ld
lt_cv_path_NM='/usr/bin/nm -B'
lt_cv_path_mainfest_tool=no
lt_cv_prog_compiler_c_o=yes
lt_cv_prog_compiler_pic='-fPIC -DPIC'
lt_cv_prog_compiler_pic_works=yes
lt_cv_prog_compiler_rtti_exceptions=no
lt_cv_prog_compiler_static_works=yes
lt_cv_prog_gnu_ld=yes
lt_cv_sharedlib_from_linklib_cmd='printf %s\n'
lt_cv_shlibpath_overrides_runpath=no
lt_cv_sys_global_symbol_pipe='sed -n -e '\''s/^.*[	 ]\([ABCDGIRSTW][ABCDGIRSTW]*\)[	 ][	 ]*\([_A-Za-z][_A-Za-z0-9]*\)$/\1 \2 \2/p'\'' | sed '\''/ __gnu_lto/d'\'''
lt_cv_sys_global_symbol_to_c_name_address='sed -n -e '\''s/^: \(.*\) .*$/  {"\1", (void *) 0},/p'\'' -e '\''s/^[ABCDGIRSTW][ABCDGIRSTW]* .* \(.*\)$/  {"\1", (void *) \&\1},/p'\'''
lt_cv_sys_global_symbol_to_c_name_address_lib_prefix='sed -n -e '\''s/^: \(.*\) .*$/  {"\1", (void *) 0},/p'\'' -e '\''s/^[ABCDGIRSTW][ABCDGIRSTW]* .* \(lib.*\)$/  {"\1", (void *) \&\1},/p'\'' -e '\''s/^[ABCDGIRSTW][ABCDGIRSTW]* .* \(.*\)$/  {"lib\1", (void *) \&\1},/p'\'''
lt_cv_sys_global_symbol_to_cdecl='sed -n -e '\''s/^T .* \(.*\)$/extern int \1();/p'\'' -e '\''s/^[ABCDGIRSTW][ABCDGIRSTW]* .* \(.*\)$/extern char \1;/p'\'''
lt_cv_sys_global_symbol_to_import=
lt_cv_sys_max_cmd_len=1572864
lt_cv_to_host_file_cmd=func_convert_file_noop
lt_cv_to_tool_file_cmd=func_convert_file_noop
lt_cv_truncate_bin='/bin/dd bs=4096 count=1'
pkg_cv_GLIB_CFLAGS='-I/usr/include/glib-2.0 -I/usr/lib/x86_64-linux-gnu/glib-2.0/include'
pkg_cv_GLIB_LIBS=-lglib-2.0

## ----------------- ##
## Output variables. ##
## ----------------- ##

ACLOCAL='${SHELL} /home/panpan/player/ffmpeg/dep/fribidi-1.0.1/missing aclocal-1.15'
AMDEPBACKSLASH='\'
AMDEP_FALSE='#'
AMDEP_TRUE=''
AMTAR='$${TAR-tar}'
AM_BACKSLASH='\'
AM_DEFAULT_V='$(AM_DEFAULT_VERBOSITY)'
AM_DEFAULT_VERBOSITY='0'
AM_V='$(V)'
AR='ar'
AUTOCONF='${SHELL} /home/panpan/player/ffmpeg/dep/fribidi-1.0.1/missing autoconf'
AUTOHEADER='${SHELL} /home/panpan/player/ffmpeg/dep/fribidi-1.0.1/missing autoheader'
AUTOMAKE='${SHELL} /home/panpan/player/ffmpeg/dep/fribidi-1.0.1/missing automake-1.15'
AWK='gawk'
BUILD_EXEEXT=''
BUILD_OBJEXT=''
CC='gcc'
CCDEPMODE='depmode=gcc3'
CC_FOR_BUILD='gcc'
CFLAGS='-g -O2 -Wall -ansi '
CFLAGS_FOR_BUILD='-g -O2'
CPP='gcc -E'
CPPFLAGS=''
CPPFLAGS_FOR_BUILD=''
CPP_FOR_BUILD='gcc -E'
CYGPATH_W='echo'
DEFS='-DHAVE_CONFIG_H'
DEPDIR='.deps'
DLLTOOL='false'
DSYMUTIL=''
DUMPBIN=''
ECHO_C=''
ECHO_N='-n'
ECHO_T=''
EGREP='/bin/grep -E'
EXEEXT=''
FGREP='/bin/grep -F'
FRIBIDI_BINARY_AGE='4'
FRIBIDI_CHARSETS='1'
FRIBIDI_CHARSETS_FALSE='#'
FRIBIDI_CHARSETS_TRUE=''
FRIBIDI_INTERFACE_AGE='0'
FRIBIDI_INTERFACE_VERSION='4'
FRIBIDI_MAJOR_VERSION='1'
FRIBIDI_MICRO_VERSION='1'
FRIBIDI_MINOR_VERSION='0'
FRIBIDI_NO_DEPRECATED='0'
FRIBIDI_USE_GLIB_FALSE='#'
FRIBIDI_USE_GLIB_TRUE=''
FRIBIDI_VERSION='1.0.1'
GLIB_CFLAGS='-I/usr/include/glib-2.0 -I/usr/lib/x86_64-linux-gnu/glib-2.0/include'
GLIB_LIBS='-lglib-2.0'
GREP='/bin/grep'
INSTALL_DATA='${INSTALL} -m 644'
INSTALL_PROGRAM='${INSTALL}'
INSTALL_SCRIPT='${INSTALL}'
INSTALL_STRIP_PROGRAM='$(install_sh) -c -s'
LD='/usr/bin/ld -m elf_x86_64'
LDFLAGS=''
LDFLAGS_FOR_BUILD=''
LIBOBJS=''
LIBS=''
LIBTOOL='$(SHELL) $(top_builddir)/libtool'
LIPO=''
LN_S='ln -s'
LTLIBOBJS=''
LT_CURRENT_MINUS_AGE='0'
LT_SYS_LIBRARY_PATH=''
LT_VERSION_INFO='4:0:4'
MAKEINFO='${SHELL} /home/panpan/player/ffmpeg/dep/fribidi-1.0.1/missing makeinfo'
MANIFEST_TOOL=':'
MKDIR_P='/bin/mkdir -p'
NM='/usr/bin/nm -B'
NMEDIT=''
OBJDUMP='objdump'
OBJEXT='o'
OS_WIN32_FALSE=''
OS_WIN32_TRUE='#'
OTOOL64=''
OTOOL=''
PACKAGE='fribidi'
PACKAGE_BUGREPORT='https://github.com/fribidi/fribidi/issues/new'
PACKAGE_NAME='GNU FriBidi'
PACKAGE_STRING='GNU FriBidi 1.0.1'
PACKAGE_TARNAME='fribidi'
PACKAGE_URL='http://fribidi.org/'
PACKAGE_VERSION='1.0.1'
PATH_SEPARATOR=':'
PKG_CONFIG='/usr/bin/pkg-config'
PKG_CONFIG_LIBDIR=''
PKG_CONFIG_PATH='/usr/local/lib/pkgconfig:/opt/intel/opencl:'
PLATFORM_WIN32_FALSE=''
PLATFORM_WIN32_TRUE='#'
RANLIB='ranlib'
SED='/bin/sed'
SET_MAKE=''
SHELL='/bin/bash'
SIZEOF_INT='4'
STRIP='strip'
VERSION='1.0.1'
ac_ct_AR='ar'
ac_ct_CC='gcc'
ac_ct_CC_FOR_BUILD='gcc'
ac_ct_DUMPBIN=''
am__EXEEXT_FALSE=''
am__EXEEXT_TRUE='#'
am__fastdepCC_FALSE='#'
am__fastdepCC_TRUE=''
am__include='include'
am__isrc=''
am__leading_dot='.'
am__nodep='_no'
am__quote=''
am__tar='$${TAR-tar} chof - "$$tardir"'
am__untar='$${TAR-tar} xf -'
bindir='${exec_prefix}/bin'
build='x86_64-pc-linux-gnu'
build_alias=''
build_cpu='x86_64'
build_os='linux-gnu'
build_vendor='pc'
datadir='${datarootdir}'
datarootdir='${prefix}/share'
docdir='${datarootdir}/doc/${PACKAGE_TARNAME}'
dvidir='${docdir}'
exec_prefix='${prefix}'
host='x86_64-pc-linux-gnu'
host_alias=''
host_cpu='x86_64'
host_os='linux-gnu'
host_vendor='pc'
htmldir='${docdir}'
includedir='${prefix}/include'
infodir='${datarootdir}/info'
install_sh='${SHELL} /home/panpan/player/ffmpeg/dep/fribidi-1.0.1/install-sh'
libdir='${exec_prefix}/lib'
libexecdir='${exec_prefix}/libexec'
localedir='${datarootdir}/locale'
localstatedir='${prefix}/var'
mandir='${datarootdir}/man'
mkdir_p='$(MKDIR_P)'
oldincludedir='/usr/include'
pdfdir='${docdir}'
prefix='/usr'
program_transform_name='s,x,x,'
psdir='${docdir}'
sbindir='${exec_prefix}/sbin'
sharedstatedir='${prefix}/com'
sysconfdir='${prefix}/etc'
target_alias=''

## ----------- ##
## confdefs.h. ##
## ----------- ##

/* confdefs.h */
#define PACKAGE_NAME "GNU FriBidi"
#define PACKAGE_TARNAME "fribidi"
#define PACKAGE_VERSION "1.0.1"
#define PACKAGE_STRING "GNU FriBidi 1.0.1"
#define PACKAGE_BUGREPORT "https://github.com/fribidi/fribidi/issues/new"
#define PACKAGE_URL "http://fribidi.org/"
#define STDC_HEADERS 1
#define HAVE_SYS_TYPES_H 1
#define HAVE_SYS_STAT_H 1
#define HAVE_STDLIB_H 1
#define HAVE_STRING_H 1
#define HAVE_MEMORY_H 1
#define HAVE_STRINGS_H 1
#define HAVE_INTTYPES_H 1
#define HAVE_STDINT_H 1
#define HAVE_UNISTD_H 1
#define HAVE_DLFCN_H 1
#define LT_OBJDIR ".libs/"
#define STDC_HEADERS 1
#define HAVE_STDLIB_H 1
#define HAVE_STRING_H 1
#define HAVE_STRINGS_H 1
#define HAVE_WCHAR_H 1
#define HAVE_SYS_TIMES_H 1
#define HAVE_STRINGIZE 1
#define SIZEOF_INT 4
#define SIZEOF_SHORT 2
#define SIZEOF_VOID_P 8
#define SIZEOF_WCHAR_T 4
#define HAVE_MEMMOVE 1
#define HAVE_MEMSET 1
#define HAVE_STRDUP 1
#define RETSIGTYPE void

configure: exit 0
